Wed, Mar 19, 2025  8:03:20 PM: 
 tests:  0|5
total_score: 0/70
3f6cb15
Wed, Mar 19, 2025  8:15:50 PM: 
 exercises.c | 20 +++++++++++++++++++-
 1 file changed, 19 insertions(+), 1 deletion(-)
 tests:  2|3
total_score: 20/70
892a530
Wed, Mar 19, 2025  9:22:27 PM: 
 exercises.c | 15 +++++++++++++++
 1 file changed, 15 insertions(+)
c:/mingw/bin/../lib/gcc/mingw32/6.3.0/../../../../mingw32/bin/ld.exe: cannot open output file a.out: Permission denied
collect2.exe: error: ld returned 1 exit status
Compilation failed
84b4178
Wed, Mar 19, 2025  9:27:11 PM: 
 exercises.c | 14 +++++++-------
 1 file changed, 7 insertions(+), 7 deletions(-)
c:/mingw/bin/../lib/gcc/mingw32/6.3.0/../../../../mingw32/bin/ld.exe: cannot open output file a.out: Permission denied
collect2.exe: error: ld returned 1 exit status
Compilation failed
53a68fa
Thu, Mar 20, 2025  6:58:32 PM: 
 exercises.c | 14 ++++++++++++--
 1 file changed, 12 insertions(+), 2 deletions(-)
 tests:  0|0
df3ac78
Thu, Mar 20, 2025  7:06:56 PM: 
 exercises.c | 6 +++++-
 1 file changed, 5 insertions(+), 1 deletion(-)
 tests:  0|5
total_score: 0/70
c8c39e5
Thu, Mar 20, 2025  7:08:35 PM: 
 exercises.c | 6 +++---
 1 file changed, 3 insertions(+), 3 deletions(-)
In file included from test.c:5:0:
exercises.c: In function 'crea_lista':
exercises.c:63:4: error: "/*" within comment [-Werror=comment]
    /*
     
exercises.c:67:1: error: "/*" within comment [-Werror=comment]
 /*
  
In file included from test.c:6:0:
arraylist.c: In function 'create_list':
arraylist.c:15:34: error: invalid application of 'sizeof' to incomplete type 'List {aka struct List}'
   List* L = (List*)malloc(sizeof(List));
                                  ^~~~
arraylist.c:16:4: error: dereferencing pointer to incomplete type 'List {aka struct List}'
   L->current = 0;
    ^~
test.c: In function 'crea_lista':
test.c:253:5: error: 'main' is normally a non-static function [-Werror=main]
 int main( int argc, char *argv[] ) {
     ^~~~
test.c:271:1: error: expected declaration or statement at end of input
 }
 ^
test.c:271:1: error: control reaches end of non-void function [-Werror=return-type]
 }
 ^
In file included from test.c:6:0:
arraylist.c: In function 'first':
arraylist.c:27:1: error: control reaches end of non-void function [-Werror=return-type]
 }
 ^
At top level:
test.c:253:5: error: 'main' defined but not used [-Werror=unused-function]
 int main( int argc, char *argv[] ) {
     ^~~~
test.c:37:6: error: 'info_msg' defined but not used [-Werror=unused-function]
 void info_msg(char* msg){
      ^~~~~~~~
In file included from test.c:6:0:
arraylist.c:102:5: error: 'get_size' defined but not used [-Werror=unused-function]
 int get_size(List *L) {
     ^~~~~~~~
arraylist.c:89:7: error: 'popCurrent' defined but not used [-Werror=unused-function]
 void* popCurrent(List *L) {
       ^~~~~~~~~~
arraylist.c:80:7: error: 'popBack' defined but not used [-Werror=unused-function]
 void* popBack(List *L) {
       ^~~~~~~
arraylist.c:68:7: error: 'popFront' defined but not used [-Werror=unused-function]
 void* popFront(List *L) {
       ^~~~~~~~
arraylist.c:55:6: error: 'pushCurrent' defined but not used [-Werror=unused-function]
 void pushCurrent(List *L, void *dato) {
      ^~~~~~~~~~~
arraylist.c:37:6: error: 'pushFront' defined but not used [-Werror=unused-function]
 void pushFront(List *L, void *dato) {
      ^~~~~~~~~
cc1.exe: all warnings being treated as errors
Compilation failed
9326ed8
Thu, Mar 20, 2025  7:09:09 PM: 
 exercises.c | 4 ----
 1 file changed, 4 deletions(-)
 tests:  1|4
total_score: 10/70
8e54a70
Thu, Mar 20, 2025  7:09:44 PM: 
 exercises.c | 6 +++---
 1 file changed, 3 insertions(+), 3 deletions(-)
 tests:  2|3
total_score: 20/70
934f8af
Thu, Mar 20, 2025  7:13:34 PM: 
 exercises.c | 17 +++++------------
 1 file changed, 5 insertions(+), 12 deletions(-)
c:/mingw/bin/../lib/gcc/mingw32/6.3.0/../../../../mingw32/bin/ld.exe: cannot open output file a.out: Permission denied
collect2.exe: error: ld returned 1 exit status
Compilation failed
8bd94f3
Thu, Mar 20, 2025  7:14:00 PM: 
 exercises.c | 4 ++--
 1 file changed, 2 insertions(+), 2 deletions(-)
c:/mingw/bin/../lib/gcc/mingw32/6.3.0/../../../../mingw32/bin/ld.exe: cannot open output file a.out: Permission denied
collect2.exe: error: ld returned 1 exit status
Compilation failed
90149c4
Thu, Mar 20, 2025  7:14:18 PM: 
 exercises.c | 4 ++--
 1 file changed, 2 insertions(+), 2 deletions(-)
In file included from test.c:5:0:
exercises.c: In function 'sumaLista':
exercises.c:81:1: error: control reaches end of non-void function [-Werror=return-type]
 }
 ^
cc1.exe: all warnings being treated as errors
Compilation failed
6dec032
Thu, Mar 20, 2025  7:14:35 PM: 
 exercises.c | 1 +
 1 file changed, 1 insertion(+)
c:/mingw/bin/../lib/gcc/mingw32/6.3.0/../../../../mingw32/bin/ld.exe: cannot open output file a.out: Permission denied
collect2.exe: error: ld returned 1 exit status
Compilation failed
b523e32
Thu, Mar 20, 2025  7:15:10 PM: 
 exercises.c | 1 -
 1 file changed, 1 deletion(-)
In file included from test.c:5:0:
exercises.c: In function 'crea_lista':
exercises.c:54:16: error: 'L' undeclared (first use in this function)
       pushBack(L, elementos);
                ^
exercises.c:54:16: note: each undeclared identifier is reported only once for each function it appears in
exercises.c:60:1: error: control reaches end of non-void function [-Werror=return-type]
 }
 ^
cc1.exe: all warnings being treated as errors
Compilation failed
b51ee00
Thu, Mar 20, 2025  7:21:03 PM: 
 exercises.c | 8 +++++---
 1 file changed, 5 insertions(+), 3 deletions(-)
c:/mingw/bin/../lib/gcc/mingw32/6.3.0/../../../../mingw32/bin/ld.exe: cannot open output file a.out: Permission denied
collect2.exe: error: ld returned 1 exit status
Compilation failed
a6e5eb2
Thu, Mar 20, 2025  7:21:56 PM: 
 exercises.c | 18 +++++-------------
 1 file changed, 5 insertions(+), 13 deletions(-)
c:/mingw/bin/../lib/gcc/mingw32/6.3.0/../../../../mingw32/bin/ld.exe: cannot open output file a.out: Permission denied
collect2.exe: error: ld returned 1 exit status
Compilation failed
175c255
Thu, Mar 20, 2025  7:23:35 PM: 
 exercises.c | 4 ++++
 1 file changed, 4 insertions(+)
c:/mingw/bin/../lib/gcc/mingw32/6.3.0/../../../../mingw32/bin/ld.exe: cannot open output file a.out: Permission denied
collect2.exe: error: ld returned 1 exit status
Compilation failed
7b0f775
Thu, Mar 20, 2025  7:25:38 PM: 
 exercises.c | 13 +++++++++----
 1 file changed, 9 insertions(+), 4 deletions(-)
c:/mingw/bin/../lib/gcc/mingw32/6.3.0/../../../../mingw32/bin/ld.exe: cannot open output file a.out: Permission denied
collect2.exe: error: ld returned 1 exit status
Compilation failed
189d1d7
Thu, Mar 20, 2025  7:26:50 PM: 
 exercises.c | 5 ++++-
 1 file changed, 4 insertions(+), 1 deletion(-)
c:/mingw/bin/../lib/gcc/mingw32/6.3.0/../../../../mingw32/bin/ld.exe: cannot open output file a.out: Permission denied
collect2.exe: error: ld returned 1 exit status
Compilation failed
8d6547a
Thu, Mar 20, 2025  7:28:24 PM: 
 exercises.c | 37 ++++++++++---------------------------
 1 file changed, 10 insertions(+), 27 deletions(-)
c:/mingw/bin/../lib/gcc/mingw32/6.3.0/../../../../mingw32/bin/ld.exe: cannot open output file a.out: Permission denied
collect2.exe: error: ld returned 1 exit status
Compilation failed
434ba8b
Thu, Mar 20, 2025  7:29:35 PM: 
 exercises.c | 22 ----------------------
 1 file changed, 22 deletions(-)
c:/mingw/bin/../lib/gcc/mingw32/6.3.0/../../../../mingw32/bin/ld.exe: cannot open output file a.out: Permission denied
collect2.exe: error: ld returned 1 exit status
Compilation failed
bbfe397
Thu, Mar 20, 2025  7:42:19 PM: 
 exercises.c | 3 +++
 1 file changed, 3 insertions(+)
 tests:  0|5
total_score: 0/70
8b7d2f2
Thu, Mar 20, 2025  7:42:58 PM: 
 exercises.c | 5 +++++
 1 file changed, 5 insertions(+)
 tests:  2|3
total_score: 20/70
ab88457
Thu, Mar 20, 2025  7:43:30 PM: 
 exercises.c | 9 ++++++++-
 1 file changed, 8 insertions(+), 1 deletion(-)
 tests:  2|3
total_score: 20/70
4740b37
Thu, Mar 20, 2025  7:47:18 PM: 
 exercises.c | 7 +++++++
 1 file changed, 7 insertions(+)
 tests:  3|2
total_score: 40/70
b5a470d
Thu, Mar 20, 2025  7:49:01 PM: 
 exercises.c | 14 ++++++++++++++
 1 file changed, 14 insertions(+)
 tests:  4|1
total_score: 50/70
62a9039
Fri, Mar 21, 2025  8:58:58 PM: 
 exercises.c | 24 ++++++++++++++++++++++++
 1 file changed, 24 insertions(+)
In file included from test.c:5:0:
exercises.c: In function 'parentesisBalanceados':
exercises.c:123:4: error: unknown type name 'bool'
    bool noes=false;
    ^~~~
exercises.c:123:14: error: 'false' undeclared (first use in this function)
    bool noes=false;
              ^~~~~
exercises.c:123:14: note: each undeclared identifier is reported only once for each function it appears in
exercises.c:124:31: error: multi-character character constant [-Werror=multichar]
    for(int i=0 ; cadena[i] != '/0'; i++)
                               ^~~~
exercises.c:128:15: error: 'true' undeclared (first use in this function)
          noes=true;
               ^~~~
cc1.exe: all warnings being treated as errors
Compilation failed
62af143
Fri, Mar 21, 2025  8:59:39 PM: 
 exercises.c | 1 +
 1 file changed, 1 insertion(+)
In file included from test.c:5:0:
exercises.c:8:18: fatal error: list.h: No such file or directory
 #include "list.h"
                  ^
compilation terminated.
Compilation failed
c32187b
Fri, Mar 21, 2025  9:00:28 PM: 
 exercises.c | 1 -
 1 file changed, 1 deletion(-)
In file included from test.c:5:0:
exercises.c: In function 'parentesisBalanceados':
exercises.c:123:4: error: unknown type name 'bool'
    bool noes=false;
    ^~~~
exercises.c:123:14: error: 'false' undeclared (first use in this function)
    bool noes=false;
              ^~~~~
exercises.c:123:14: note: each undeclared identifier is reported only once for each function it appears in
exercises.c:124:31: error: multi-character character constant [-Werror=multichar]
    for(int i=0 ; cadena[i] != '/0'; i++)
                               ^~~~
exercises.c:128:15: error: 'true' undeclared (first use in this function)
          noes=true;
               ^~~~
cc1.exe: all warnings being treated as errors
Compilation failed
23e8354
Fri, Mar 21, 2025  9:01:55 PM: 
 exercises.c | 2 +-
 1 file changed, 1 insertion(+), 1 deletion(-)
In file included from test.c:5:0:
exercises.c: In function 'parentesisBalanceados':
exercises.c:123:4: error: unknown type name 'bool'
    bool noes=false;
    ^~~~
exercises.c:123:14: error: 'false' undeclared (first use in this function)
    bool noes=false;
              ^~~~~
exercises.c:123:14: note: each undeclared identifier is reported only once for each function it appears in
exercises.c:128:15: error: 'true' undeclared (first use in this function)
          noes=true;
               ^~~~
exercises.c:147:1: error: control reaches end of non-void function [-Werror=return-type]
 }
 ^
cc1.exe: all warnings being treated as errors
Compilation failed
a48b760
Fri, Mar 21, 2025  9:03:04 PM: 
 exercises.c | 1 +
 1 file changed, 1 insertion(+)
In file included from test.c:5:0:
exercises.c:8:20: fatal error: stdbol.h: No such file or directory
 #include <stdbol.h>
                    ^
compilation terminated.
Compilation failed
8e7a9e9
Fri, Mar 21, 2025  9:03:18 PM: 
 exercises.c | 2 +-
 1 file changed, 1 insertion(+), 1 deletion(-)
 tests:  9|0
total_score: 70/70
1f49834
Fri, Mar 21, 2025  9:13:35 PM: 
 exercises.c | 18 +++++++++---------
 1 file changed, 9 insertions(+), 9 deletions(-)
 tests:  9|0
total_score: 70/70
bd47927
Fri, Mar 21, 2025  9:17:21 PM: 
 exercises.c | 4 ++--
 1 file changed, 2 insertions(+), 2 deletions(-)
 tests:  9|0
total_score: 70/70
01e0e29
Fri, Mar 21, 2025  9:23:02 PM: 
 exercises.c | 4 ++++
 1 file changed, 4 insertions(+)
 tests:  9|0
total_score: 70/70
5cbc757
Fri, Mar 21, 2025 10:15:46 PM: 
 exercises.c | 50 ++++++++++++++++++++++++++++----------------------
 1 file changed, 28 insertions(+), 22 deletions(-)
 tests:  9|0
total_score: 70/70
e78ad0b
Sat, Mar 22, 2025  7:15:17 PM: 
 exercises.c | 39 +++++++++++----------------------------
 1 file changed, 11 insertions(+), 28 deletions(-)
In file included from test.c:5:0:
exercises.c: In function 'parentesisBalanceados':
exercises.c:133:13: error: implicit declaration of function 'is_empty' [-Werror=implicit-function-declaration]
          if(is_empty(pila))
             ^~~~~~~~
cc1.exe: all warnings being treated as errors
Compilation failed
1781d4a
Sat, Mar 22, 2025  7:15:50 PM: 
 exercises.c | 2 +-
 1 file changed, 1 insertion(+), 1 deletion(-)
 tests:  5|1
total_score: 50/70
3517bcb
Sat, Mar 22, 2025  7:16:47 PM: 
 exercises.c | 5 +++++
 1 file changed, 5 insertions(+)
 tests:  7|1
total_score: 60/70
ab7b3d0
Sat, Mar 22, 2025  7:17:31 PM: 
 exercises.c | 4 ++--
 1 file changed, 2 insertions(+), 2 deletions(-)
 tests:  4|1
total_score: 50/70
7dedaf3
Sat, Mar 22, 2025  7:17:56 PM: 
 exercises.c | 4 ++--
 1 file changed, 2 insertions(+), 2 deletions(-)
 tests:  7|1
total_score: 60/70
e97fe61
Sat, Mar 22, 2025  7:21:12 PM: 
 exercises.c | 11 ++++-------
 1 file changed, 4 insertions(+), 7 deletions(-)
 tests:  7|1
total_score: 60/70
baa51fc
Sat, Mar 22, 2025  7:22:59 PM: 
 exercises.c | 7 +++++++
 1 file changed, 7 insertions(+)
In file included from test.c:5:0:
exercises.c: In function 'parentesisBalanceados':
exercises.c:142:7: error: implicit declaration of function 'getsize' [-Werror=implicit-function-declaration]
    if(getsize(pila) != (strlen(cadena)/2))
       ^~~~~~~
cc1.exe: all warnings being treated as errors
Compilation failed
c410d63
Sat, Mar 22, 2025  7:23:20 PM: 
 exercises.c | 2 +-
 1 file changed, 1 insertion(+), 1 deletion(-)
 tests:  7|1
total_score: 60/70
d598c08
Sat, Mar 22, 2025  7:29:47 PM: 
 exercises.c | 13 ++++++++++---
 1 file changed, 10 insertions(+), 3 deletions(-)
 tests:  7|1
total_score: 60/70
acbffed
Sat, Mar 22, 2025  7:40:11 PM: 
 exercises.c | 33 +++++++++++++++++++--------------
 1 file changed, 19 insertions(+), 14 deletions(-)
 tests:  4|1
total_score: 50/70
057b16a
Sat, Mar 22, 2025  7:41:11 PM: 
 exercises.c | 2 +-
 1 file changed, 1 insertion(+), 1 deletion(-)
In file included from test.c:5:0:
exercises.c: In function 'parentesisBalanceados':
exercises.c:141:30: error: dereferencing 'void *' pointer [-Werror]
       if(cadena[i] == '(' && *elemento == ')')
                              ^~~~~~~~~
exercises.c:141:30: error: void value not ignored as it ought to be
exercises.c:145:35: error: dereferencing 'void *' pointer [-Werror]
       else if(cadena[i] == '[' && *elemento == ']')
                                   ^~~~~~~~~
exercises.c:145:35: error: void value not ignored as it ought to be
exercises.c:149:35: error: dereferencing 'void *' pointer [-Werror]
       else if(cadena[i] == '{' && *elemento == '}')
                                   ^~~~~~~~~
exercises.c:149:35: error: void value not ignored as it ought to be
cc1.exe: all warnings being treated as errors
Compilation failed
2194ff1
Sat, Mar 22, 2025  7:41:27 PM: 
 exercises.c | 2 +-
 1 file changed, 1 insertion(+), 1 deletion(-)
 tests:  4|1
total_score: 50/70
99cf38f
Sat, Mar 22, 2025  7:43:48 PM: 
 exercises.c | 2 +-
 1 file changed, 1 insertion(+), 1 deletion(-)
 tests:  4|1
total_score: 50/70
61a278b
Sat, Mar 22, 2025  7:47:06 PM: 
 exercises.c | 2 +-
 1 file changed, 1 insertion(+), 1 deletion(-)
 tests:  4|1
total_score: 50/70
35b42d4
Sat, Mar 22, 2025  7:58:37 PM: 
 exercises.c | 54 ++++++++++++++++++------------------------------------
 1 file changed, 18 insertions(+), 36 deletions(-)
In file included from test.c:5:0:
exercises.c: In function 'parentesisBalanceados':
exercises.c:126:24: error: passing argument 2 of 'push' makes pointer from integer without a cast [-Werror=int-conversion]
            push(stack, cadena[i]);
                        ^~~~~~
In file included from exercises.c:7:0,
                 from test.c:5:
stack.h:11:6: note: expected 'void *' but argument is of type 'char'
 void push(Stack *stack, void *data) { pushFront(stack, data); }
      ^~~~
In file included from test.c:5:0:
exercises.c:128:23: error: implicit declaration of function 'peek' [-Werror=implicit-function-declaration]
            char top = peek(stack);
                       ^~~~
exercises.c:134:26: error: dereferencing pointer to incomplete type 'Stack {aka struct List}'
                free(stack->items);
                          ^~
cc1.exe: all warnings being treated as errors
Compilation failed
ef80ebf
Sat, Mar 22, 2025  7:59:23 PM: 
 exercises.c | 54 ++++++++++++++++++++++++++++++++++++------------------
 1 file changed, 36 insertions(+), 18 deletions(-)
In file included from test.c:5:0:
exercises.c: In function 'parentesisBalanceados':
exercises.c:134:37: error: passing argument 2 of 'pushBack' makes pointer from integer without a cast [-Werror=int-conversion]
          pushBack(pilalaotramitad , cadena[i]);
                                     ^~~~~~
In file included from exercises.c:6:0,
                 from test.c:5:
arraylist.h:20:6: note: expected 'void *' but argument is of type 'char'
 void pushBack(List *L, void *dato);
      ^~~~~~~~
cc1.exe: all warnings being treated as errors
Compilation failed
21b5850
Sat, Mar 22, 2025  7:59:54 PM: 
 exercises.c | 2 +-
 1 file changed, 1 insertion(+), 1 deletion(-)
In file included from test.c:5:0:
exercises.c: In function 'parentesisBalanceados':
exercises.c:134:19: error: dereferencing pointer to incomplete type 'Stack {aka struct List}'
          pushBack(*pilalaotramitad , cadena[i]);
                   ^~~~~~~~~~~~~~~~
exercises.c:134:38: error: passing argument 2 of 'pushBack' makes pointer from integer without a cast [-Werror=int-conversion]
          pushBack(*pilalaotramitad , cadena[i]);
                                      ^~~~~~
In file included from exercises.c:6:0,
                 from test.c:5:
arraylist.h:20:6: note: expected 'void *' but argument is of type 'char'
 void pushBack(List *L, void *dato);
      ^~~~~~~~
cc1.exe: all warnings being treated as errors
Compilation failed
17d181d
Sat, Mar 22, 2025  8:00:46 PM: 
 exercises.c | 34 ++++++++++++++++------------------
 1 file changed, 16 insertions(+), 18 deletions(-)
In file included from test.c:5:0:
exercises.c:122:7: error: expected '=', ',', ';', 'asm' or '__attribute__' before numeric constant
 forma 2 int parentesisBalanceados(char *cadena)
       ^
test.c: In function 'test_parentesis_balanceados':
test.c:217:9: error: implicit declaration of function 'parentesisBalanceados' [-Werror=implicit-function-declaration]
     if(!parentesisBalanceados(s)){
         ^~~~~~~~~~~~~~~~~~~~~
cc1.exe: all warnings being treated as errors
Compilation failed
ad71ff2
Sat, Mar 22, 2025  8:01:10 PM: 
 exercises.c | 2 +-
 1 file changed, 1 insertion(+), 1 deletion(-)
 tests:  7|1
total_score: 60/70
12b4602
